<?xml version="1.0" encoding="UTF-8"?>
<!-- Generated by org.testng.reporters.JUnitXMLReporter -->
<testsuite hostname="Mahesh-PC" name="Test" tests="2" failures="2" timestamp="11 Sep 2015 17:55:42 GMT" time="22.351" errors="0">
  <testcase name="testEasy" time="1.399" classname="EXAMPLE.NewTest">
    <failure type="java.lang.AssertionError" message="expected [true] but found [false]">
      <![CDATA[java.lang.AssertionError: expected [true] but found [false]
	at EXAMPLE.NewTest.testEasy(NewTest.java:16)
... Removed 28 stack frames]]>
    </failure>
  </testcase> <!-- testEasy -->
  <testcase name="testEasy1" time="3.239" classname="EXAMPLE.NewTest">
    <failure type="java.lang.AssertionError" message="expected [true] but found [false]">
      <![CDATA[java.lang.AssertionError: expected [true] but found [false]
	at EXAMPLE.NewTest.testEasy1(NewTest.java:22)
... Removed 28 stack frames]]>
    </failure>
  </testcase> <!-- testEasy1 -->
</testsuite> <!-- Test -->
